<?xml version="1.0" encoding="UTF-8"?>
<!-- Generated by org.testng.reporters.JUnitReportReporter -->
<testsuite hostname="Diksha" failures="0" tests="2" name="FrameWorkDesign.Tests.ErrorValidation" time="9.257" errors="0" timestamp="2024-05-07T18:49:20 IST" skipped="0">
  <testcase classname="FrameWorkDesign.Tests.ErrorValidation" name="loginErrorValidation" time="3.308"/>
  <system-out/>
  <testcase classname="FrameWorkDesign.Tests.ErrorValidation" name="productErrorValidation" time="5.949"/>
  <system-out/>
</testsuite> <!-- FrameWorkDesign.Tests.ErrorValidation -->
