<?xml version="1.0" encoding="UTF-8"?>
<!-- Generated by org.testng.reporters.JUnitReportReporter -->
<testsuite hostname="Diksha" failures="0" tests="1" name="FrameWorkDesign.Tests.Standalone" time="4.936" errors="0" timestamp="2024-04-23T18:39:18 IST" skipped="0">
  <testcase classname="FrameWorkDesign.Tests.Standalone" name="SubmitOrder" time="4.936"/>
  <system-out/>
</testsuite> <!-- FrameWorkDesign.Tests.Standalone -->
