<?xml version="1.0" encoding="UTF-8"?>
<!-- Generated by org.testng.reporters.JUnitReportReporter -->
<testsuite hostname="Diksha" failures="0" tests="3" name="FrameWorkDesign.Tests.SubmitOrderTest" time="21.964" errors="0" timestamp="2024-05-07T18:49:20 IST" skipped="0">
  <testcase classname="FrameWorkDesign.Tests.SubmitOrderTest" name="submitOrder" time="8.568"/>
  <system-out/>
  <testcase classname="FrameWorkDesign.Tests.SubmitOrderTest" name="submitOrder" time="8.642"/>
  <system-out/>
  <testcase classname="FrameWorkDesign.Tests.SubmitOrderTest" name="verifyOrders" time="4.754"/>
  <system-out/>
</testsuite> <!-- FrameWorkDesign.Tests.SubmitOrderTest -->
