<?xml version="1.0" encoding="UTF-8"?>
<!-- Generated by org.testng.reporters.JUnitReportReporter -->
<testsuite hostname="Diksha" failures="0" tests="2" name="FrameWorkDesign.Tests.SubmitOrderTest" time="30.432" errors="0" timestamp="10 May 2024 12:39:37 GMT" skipped="0">
  <testcase classname="FrameWorkDesign.Tests.SubmitOrderTest" name="submitOrder" time="18.998"/>
  <testcase classname="FrameWorkDesign.Tests.SubmitOrderTest" name="submitOrder" time="11.434"/>
</testsuite> <!-- FrameWorkDesign.Tests.SubmitOrderTest -->
