<?xml version="1.0" encoding="UTF-8"?>
<!-- Generated by org.testng.reporters.JUnitReportReporter -->
<testsuite hostname="Diksha" failures="0" tests="1" name="FrameWorkDesign.Tests.ErrorValidation" time="4.958" errors="0" timestamp="07 May 2024 13:44:29 GMT" skipped="0">
  <testcase classname="FrameWorkDesign.Tests.ErrorValidation" name="loginErrorValidation" time="4.958"/>
</testsuite> <!-- FrameWorkDesign.Tests.ErrorValidation -->
